2024-08-05 18:02:01,464 - main - INFO - Starting main program...
2024-08-05 18:02:01,464 - main - INFO - Starting main program...
2024-08-05 18:02:02,466 - main - ERROR - Exception in main thread:
2024-08-05 18:02:03,467 - main - INFO - Starting main program...
2024-08-05 18:02:04,468 - main - ERROR - Exception in main thread:
2024-08-05 18:02:05,468 - main - INFO - Starting main program...
2024-08-05 18:02:06,469 - main - ERROR - Exception in main thread:
2024-08-05 18:02:07,470 - main - INFO - Starting main program...
2024-08-05 18:02:08,470 - main - ERROR - Exception in main thread:
2024-08-05 18:02:09,471 - main - INFO - Starting main program...
2024-08-05 18:02:10,471 - main - ERROR - Exception in main thread:
2024-08-05 20:19:14,493 - main - INFO - fdsafadsf
2024-08-05 20:28:43,253 - main - INFO - fdsafadsf
2024-08-05 20:36:59,681 - main - INFO - fdsafadsf
2024-08-05 20:47:28,830 - main - INFO - Starting main program...
2024-08-05 20:47:33,832 - main - ERROR - Exception in main thread: Simulated error in main thread
2024-08-05 21:00:32,893 - main - INFO - Starting main program...
2024-08-05 22:12:03,599 - main - INFO - Starting main program...
2024-08-05 22:12:09,181 - main - INFO - Starting main program...
2024-08-05 22:15:02,142 - main - INFO - 11111111111Starting main program...
2024-08-05 22:19:53,838 - main - INFO - 11111111111Starting main program...
2024-08-05 22:20:06,371 - main - INFO - 11111111111Starting main program...
